Training started
Using SCRIPTS_ROOTDIR: /home/moses/mosesdecoder/scripts
Using multi-thread GIZA
using gzip 
(1) preparing corpus @ Sun Oct 29 15:58:53 UTC 2023
Executing: mkdir -p /mnt/model/corpus
(1.0) selecting factors @ Sun Oct 29 15:58:53 UTC 2023
(1.1) running mkcls  @ Sun Oct 29 15:58:53 UTC 2023
/home/moses/mgiza/mgizapp/inst/mkcls -c50 -n2 -p/mnt/iwslt2014zh-en/train/train.token.clean.50.zh -V/mnt/model/corpus/zh.vcb.classes opt
  /mnt/model/corpus/zh.vcb.classes already in place, reusing
(1.1) running mkcls  @ Sun Oct 29 15:58:53 UTC 2023
/home/moses/mgiza/mgizapp/inst/mkcls -c50 -n2 -p/mnt/iwslt2014zh-en/train/train.token.clean.50.en -V/mnt/model/corpus/en.vcb.classes opt
  /mnt/model/corpus/en.vcb.classes already in place, reusing
(1.2) creating vcb file /mnt/model/corpus/zh.vcb @ Sun Oct 29 15:58:53 UTC 2023
(1.2) creating vcb file /mnt/model/corpus/en.vcb @ Sun Oct 29 15:58:54 UTC 2023
(1.3) numberizing corpus /mnt/model/corpus/zh-en-int-train.snt @ Sun Oct 29 15:58:54 UTC 2023
  /mnt/model/corpus/zh-en-int-train.snt already in place, reusing
(1.3) numberizing corpus /mnt/model/corpus/en-zh-int-train.snt @ Sun Oct 29 15:58:54 UTC 2023
  /mnt/model/corpus/en-zh-int-train.snt already in place, reusing
(2) running giza @ Sun Oct 29 15:58:54 UTC 2023
(2.1a) running snt2cooc zh-en @ Sun Oct 29 15:58:54 UTC 2023

Executing: mkdir -p /mnt/model/giza.zh-en
/home/moses/mgiza/mgizapp/inst/snt2cooc /mnt/model/giza.zh-en/zh-en.cooc /mnt/model/corpus/en.vcb /mnt/model/corpus/zh.vcb /mnt/model/corpus/zh-en-int-train.snt
Executing: /home/moses/mgiza/mgizapp/inst/snt2cooc /mnt/model/giza.zh-en/zh-en.cooc /mnt/model/corpus/en.vcb /mnt/model/corpus/zh.vcb /mnt/model/corpus/zh-en-int-train.snt
line 1000
line 2000
line 3000
line 4000
line 5000
line 6000
line 7000
line 8000
line 9000
line 10000
line 11000
line 12000
line 13000
line 14000
line 15000
line 16000
line 17000
line 18000
line 19000
line 20000
line 21000
line 22000
line 23000
line 24000
line 25000
line 26000
line 27000
line 28000
line 29000
line 30000
line 31000
line 32000
line 33000
line 34000
line 35000
line 36000
line 37000
line 38000
line 39000
line 40000
line 41000
line 42000
line 43000
line 44000
line 45000
line 46000
line 47000
line 48000
line 49000
line 50000
line 51000
line 52000
line 53000
line 54000
line 55000
line 56000
line 57000
line 58000
line 59000
line 60000
line 61000
line 62000
line 63000
line 64000
line 65000
line 66000
line 67000
line 68000
line 69000
line 70000
line 71000
line 72000
line 73000
line 74000
line 75000
line 76000
line 77000
line 78000
line 79000
line 80000
line 81000
line 82000
line 83000
line 84000
line 85000
line 86000
line 87000
line 88000
line 89000
line 90000
line 91000
line 92000
line 93000
line 94000
line 95000
line 96000
line 97000
line 98000
line 99000
line 100000
line 101000
line 102000
line 103000
line 104000
line 105000
line 106000
line 107000
line 108000
line 109000
line 110000
line 111000
line 112000
line 113000
line 114000
line 115000
line 116000
line 117000
line 118000
line 119000
line 120000
line 121000
line 122000
line 123000
line 124000
line 125000
line 126000
line 127000
line 128000
line 129000
line 130000
line 131000
line 132000
line 133000
line 134000
line 135000
line 136000
line 137000
line 138000
line 139000
line 140000
line 141000
line 142000
line 143000
line 144000
line 145000
line 146000
line 147000
line 148000
line 149000
line 150000
line 151000
line 152000
line 153000
line 154000
line 155000
line 156000
line 157000
line 158000
line 159000
line 160000
line 161000
line 162000
line 163000
line 164000
line 165000
line 166000
line 167000
line 168000
line 169000
line 170000
line 171000
line 172000
line 173000
END.
(2.1b) running giza zh-en @ Sun Oct 29 15:59:14 UTC 2023
/home/moses/mgiza/mgizapp/inst/mgiza  -CoocurrenceFile /mnt/model/giza.zh-en/zh-en.cooc -c /mnt/model/corpus/zh-en-int-train.snt -m1 5 -m2 0 -m3 3 -m4 3 -model1dumpfrequency 1 -model4smoothfactor 0.4 -ncpus 4 -nodumps 1 -nsmooth 4 -o /mnt/model/giza.zh-en/zh-en -onlyaldumps 1 -p0 0.999 -s /mnt/model/corpus/en.vcb -t /mnt/model/corpus/zh.vcb
  /mnt/model/giza.zh-en/zh-en.A3.final.gz seems finished, reusing.
(2.1a) running snt2cooc en-zh @ Sun Oct 29 15:59:14 UTC 2023

Executing: mkdir -p /mnt/model/giza.en-zh
/home/moses/mgiza/mgizapp/inst/snt2cooc /mnt/model/giza.en-zh/en-zh.cooc /mnt/model/corpus/zh.vcb /mnt/model/corpus/en.vcb /mnt/model/corpus/en-zh-int-train.snt
Executing: /home/moses/mgiza/mgizapp/inst/snt2cooc /mnt/model/giza.en-zh/en-zh.cooc /mnt/model/corpus/zh.vcb /mnt/model/corpus/en.vcb /mnt/model/corpus/en-zh-int-train.snt
line 1000
line 2000
line 3000
line 4000
line 5000
line 6000
line 7000
line 8000
line 9000
line 10000
line 11000
line 12000
line 13000
line 14000
line 15000
line 16000
line 17000
line 18000
line 19000
line 20000
line 21000
line 22000
line 23000
line 24000
line 25000
line 26000
line 27000
line 28000
line 29000
line 30000
line 31000
line 32000
line 33000
line 34000
line 35000
line 36000
line 37000
line 38000
line 39000
line 40000
line 41000
line 42000
line 43000
line 44000
line 45000
line 46000
line 47000
line 48000
line 49000
line 50000
line 51000
line 52000
line 53000
line 54000
line 55000
line 56000
line 57000
line 58000
line 59000
line 60000
line 61000
line 62000
line 63000
line 64000
line 65000
line 66000
line 67000
line 68000
line 69000
line 70000
line 71000
line 72000
line 73000
line 74000
line 75000
line 76000
line 77000
line 78000
line 79000
line 80000
line 81000
line 82000
line 83000
line 84000
line 85000
line 86000
line 87000
line 88000
line 89000
line 90000
line 91000
line 92000
line 93000
line 94000
line 95000
line 96000
line 97000
line 98000
line 99000
line 100000
line 101000
line 102000
line 103000
line 104000
line 105000
line 106000
line 107000
line 108000
line 109000
line 110000
line 111000
line 112000
line 113000
line 114000
line 115000
line 116000
line 117000
line 118000
line 119000
line 120000
line 121000
line 122000
line 123000
line 124000
line 125000
line 126000
line 127000
line 128000
line 129000
line 130000
line 131000
line 132000
line 133000
line 134000
line 135000
line 136000
line 137000
line 138000
line 139000
line 140000
line 141000
line 142000
line 143000
line 144000
line 145000
line 146000
line 147000
line 148000
line 149000
line 150000
line 151000
line 152000
line 153000
line 154000
line 155000
line 156000
line 157000
line 158000
line 159000
line 160000
line 161000
line 162000
line 163000
line 164000
line 165000
line 166000
line 167000
line 168000
line 169000
line 170000
line 171000
line 172000
line 173000
END.
(2.1b) running giza en-zh @ Sun Oct 29 15:59:32 UTC 2023
/home/moses/mgiza/mgizapp/inst/mgiza  -CoocurrenceFile /mnt/model/giza.en-zh/en-zh.cooc -c /mnt/model/corpus/en-zh-int-train.snt -m1 5 -m2 0 -m3 3 -m4 3 -model1dumpfrequency 1 -model4smoothfactor 0.4 -ncpus 4 -nodumps 1 -nsmooth 4 -o /mnt/model/giza.en-zh/en-zh -onlyaldumps 1 -p0 0.999 -s /mnt/model/corpus/zh.vcb -t /mnt/model/corpus/en.vcb
  /mnt/model/giza.en-zh/en-zh.A3.final.gz seems finished, reusing.
(3) generate word alignment @ Sun Oct 29 15:59:32 UTC 2023
Combining forward and inverted alignment from files:
  /mnt/model/giza.zh-en/zh-en.A3.final.{bz2,gz}
  /mnt/model/giza.en-zh/en-zh.A3.final.{bz2,gz}
Executing: mkdir -p /mnt/model/model
Executing: /home/moses/mosesdecoder/scripts/training/giza2bal.pl -d "gzip -cd /mnt/model/giza.en-zh/en-zh.A3.final.gz" -i "gzip -cd /mnt/model/giza.zh-en/zh-en.A3.final.gz" |/home/moses/mosesdecoder/scripts/../bin/symal -alignment="grow" -diagonal="yes" -final="yes" -both="no" > /mnt/model/model/aligned.grow-diag-final
symal: computing grow alignment: diagonal (1) final (1)both-uncovered (0)
skip=<0> counts=<173918>
(4) generate lexical translation table 0-0 @ Sun Oct 29 15:59:48 UTC 2023
(/mnt/iwslt2014zh-en/train/train.token.clean.50.zh,/mnt/iwslt2014zh-en/train/train.token.clean.50.en,/mnt/model/model/lex)
  reusing: /mnt/model/model/lex.f2e and /mnt/model/model/lex.e2f
(5) extract phrases @ Sun Oct 29 15:59:48 UTC 2023
MAX 7 1 0
/home/moses/mosesdecoder/scripts/generic/extract-parallel.perl 4 split "sort    " /home/moses/mosesdecoder/scripts/../bin/extract /mnt/iwslt2014zh-en/train/train.token.clean.50.en /mnt/iwslt2014zh-en/train/train.token.clean.50.zh /mnt/model/model/aligned.grow-diag-final /mnt/model/model/extract 7 orientation --model wbe-msd --GZOutput 
Executing: /home/moses/mosesdecoder/scripts/generic/extract-parallel.perl 4 split "sort    " /home/moses/mosesdecoder/scripts/../bin/extract /mnt/iwslt2014zh-en/train/train.token.clean.50.en /mnt/iwslt2014zh-en/train/train.token.clean.50.zh /mnt/model/model/aligned.grow-diag-final /mnt/model/model/extract 7 orientation --model wbe-msd --GZOutput 
Started Sun Oct 29 15:59:48 2023
using gzip 
isBSDSplit=0 
Executing: mkdir -p /mnt/model/model/tmp.42; ls -l /mnt/model/model/tmp.42 
total=173918 line-per-split=43480 
split -d -l 43480 -a 7 /mnt/iwslt2014zh-en/train/train.token.clean.50.en /mnt/model/model/tmp.42/target.split -d -l 43480 -a 7 /mnt/iwslt2014zh-en/train/train.token.clean.50.zh /mnt/model/model/tmp.42/source.split -d -l 43480 -a 7 /mnt/model/model/aligned.grow-diag-final /mnt/model/model/tmp.42/align.PhraseExtract v1.5, written by Philipp Koehn et al.PhraseExtract v1.5, written by Philipp Koehn et al.

phrase extraction from an aligned parallel corpusphrase extraction from an aligned parallel corpus

PhraseExtract v1.5, written by Philipp Koehn et al.
phrase extraction from an aligned parallel corpus
PhraseExtract v1.5, written by Philipp Koehn et al.
phrase extraction from an aligned parallel corpus
................
.


merging extract / extract.inv
gunzip -c /mnt/model/model/tmp.42/extract.0000000.gz /mnt/model/model/tmp.42/extract.0000001.gz /mnt/model/model/tmp.42/extract.0000002.gz /mnt/model/model/tmp.42/extract.0000003.gz  | LC_ALL=C sort     -T /mnt/model/model/tmp.42 2>> /dev/stderr | gzip -c > /mnt/model/model/extract.sorted.gz 2>> /dev/stderr 
gunzip -c /mnt/model/model/tmp.42/extract.0000000.inv.gz /mnt/model/model/tmp.42/extract.0000001.inv.gz /mnt/model/model/tmp.42/extract.0000002.inv.gz /mnt/model/model/tmp.42/extract.0000003.inv.gz  | LC_ALL=C sort     -T /mnt/model/model/tmp.42 2>> /dev/stderr | gzip -c > /mnt/model/model/extract.inv.sorted.gz 2>> /dev/stderr 
gunzip -c /mnt/model/model/tmp.42/extract.0000000.o.gz /mnt/model/model/tmp.42/extract.0000001.o.gz /mnt/model/model/tmp.42/extract.0000002.o.gz /mnt/model/model/tmp.42/extract.0000003.o.gz  | LC_ALL=C sort     -T /mnt/model/model/tmp.42 2>> /dev/stderr | gzip -c > /mnt/model/model/extract.o.sorted.gz 2>> /dev/stderr 
Finished Sun Oct 29 16:00:14 2023
(6) score phrases @ Sun Oct 29 16:00:14 UTC 2023
(6.1)  creating table half /mnt/model/model/phrase-table.half.f2e @ Sun Oct 29 16:00:14 UTC 2023
/home/moses/mosesdecoder/scripts/generic/score-parallel.perl 4 "sort    " /home/moses/mosesdecoder/scripts/../bin/score /mnt/model/model/extract.sorted.gz /mnt/model/model/lex.f2e /mnt/model/model/phrase-table.half.f2e.gz  0 
Executing: /home/moses/mosesdecoder/scripts/generic/score-parallel.perl 4 "sort    " /home/moses/mosesdecoder/scripts/../bin/score /mnt/model/model/extract.sorted.gz /mnt/model/model/lex.f2e /mnt/model/model/phrase-table.half.f2e.gz  0 
using gzip 
Started Sun Oct 29 16:00:14 2023
/home/moses/mosesdecoder/scripts/../bin/score /mnt/model/model/tmp.91/extract.0.gz /mnt/model/model/lex.f2e /mnt/model/model/tmp.91/phrase-table.half.0000000.gz  2>> /dev/stderr 
/mnt/model/model/tmp.91/run.0.sh/mnt/model/model/tmp.91/run.1.sh/mnt/model/model/tmp.91/run.2.sh/mnt/model/model/tmp.91/run.3.shScore v2.1 -- scoring methods for extracted rules
Loading lexical translation table from /mnt/model/model/lex.f2e.........
........................................
mv /mnt/model/model/tmp.91/phrase-table.half.0000000.gz /mnt/model/model/phrase-table.half.f2e.gzrm -rf /mnt/model/model/tmp.91 
Finished Sun Oct 29 16:00:48 2023
(6.3)  creating table half /mnt/model/model/phrase-table.half.e2f @ Sun Oct 29 16:00:48 UTC 2023
/home/moses/mosesdecoder/scripts/generic/score-parallel.perl 4 "sort    " /home/moses/mosesdecoder/scripts/../bin/score /mnt/model/model/extract.inv.sorted.gz /mnt/model/model/lex.e2f /mnt/model/model/phrase-table.half.e2f.gz --Inverse 1 
Executing: /home/moses/mosesdecoder/scripts/generic/score-parallel.perl 4 "sort    " /home/moses/mosesdecoder/scripts/../bin/score /mnt/model/model/extract.inv.sorted.gz /mnt/model/model/lex.e2f /mnt/model/model/phrase-table.half.e2f.gz --Inverse 1 
using gzip 
Started Sun Oct 29 16:00:48 2023
/home/moses/mosesdecoder/scripts/../bin/score /mnt/model/model/tmp.114/extract.0.gz /mnt/model/model/lex.e2f /mnt/model/model/tmp.114/phrase-table.half.0000000.gz --Inverse  2>> /dev/stderr 
/mnt/model/model/tmp.114/run.0.sh/mnt/model/model/tmp.114/run.1.sh/mnt/model/model/tmp.114/run.3.sh/mnt/model/model/tmp.114/run.2.shScore v2.1 -- scoring methods for extracted rules
using inverse mode
Loading lexical translation table from /mnt/model/model/lex.e2f.........
........................................
gunzip -c /mnt/model/model/tmp.114/phrase-table.half.*.gz 2>> /dev/stderr| LC_ALL=C sort     -T /mnt/model/model/tmp.114  | gzip -c > /mnt/model/model/phrase-table.half.e2f.gz  2>> /dev/stderr rm -rf /mnt/model/model/tmp.114 
Finished Sun Oct 29 16:01:27 2023
(6.6) consolidating the two halves @ Sun Oct 29 16:01:27 UTC 2023
Executing: /home/moses/mosesdecoder/scripts/../bin/consolidate /mnt/model/model/phrase-table.half.f2e.gz /mnt/model/model/phrase-table.half.e2f.gz /dev/stdout | gzip -c > /mnt/model/model/phrase-table.gz
Consolidate v2.0 written by Philipp Koehn
consolidating direct and indirect rule tables
.....................
Executing: rm -f /mnt/model/model/phrase-table.half.*
(7) learn reordering model @ Sun Oct 29 16:01:42 UTC 2023
(7.1) [no factors] learn reordering model @ Sun Oct 29 16:01:42 UTC 2023
(7.2) building tables @ Sun Oct 29 16:01:42 UTC 2023
Executing: /home/moses/mosesdecoder/scripts/../bin/lexical-reordering-score /mnt/model/model/extract.o.sorted.gz 0.5 /mnt/model/model/reordering-table. --model "wbe msd wbe-msd-bidirectional-fe"
Lexical Reordering Scorer
scores lexical reordering models of several types (hierarchical, phrase-based and word-based-extraction
(8) learn generation model @ Sun Oct 29 16:01:52 UTC 2023
  no generation model requested, skipping step
(9) create moses.ini @ Sun Oct 29 16:01:52 UTC 2023
Training finished
