shard_size = 0 shard_count = 0
Seeding random numbers with system clock 
name: case value: true
Data::m_score_type BLEU
Data::Scorer type from Scorer: BLEU
Loading Data from: run1.scores.dat and run1.features.dat
loading feature data from run1.features.dat
loading score data from run1.scores.dat
Loading Data from: run2.scores.dat and run2.features.dat
loading feature data from run2.features.dat
loading score data from run2.scores.dat
Loading Data from: run3.scores.dat and run3.features.dat
loading feature data from run3.features.dat
loading score data from run3.scores.dat
Loading Data from: run4.scores.dat and run4.features.dat
loading feature data from run4.features.dat
loading score data from run4.scores.dat
Loading Data from: run5.scores.dat and run5.features.dat
loading feature data from run5.features.dat
loading score data from run5.scores.dat
Loading Data from: run6.scores.dat and run6.features.dat
loading feature data from run6.features.dat
loading score data from run6.scores.dat
Loading Data from: run7.scores.dat and run7.features.dat
loading feature data from run7.features.dat
loading score data from run7.scores.dat
Loading Data from: run8.scores.dat and run8.features.dat
loading feature data from run8.features.dat
loading score data from run8.scores.dat
Loading Data from: run9.scores.dat and run9.features.dat
loading feature data from run9.features.dat
loading score data from run9.scores.dat
Loading Data from: run10.scores.dat and run10.features.dat
loading feature data from run10.features.dat
loading score data from run10.scores.dat
Loading Data from: run11.scores.dat and run11.features.dat
loading feature data from run11.features.dat
loading score data from run11.scores.dat
Loading Data from: run12.scores.dat and run12.features.dat
loading feature data from run12.features.dat
loading score data from run12.scores.dat
Loading Data from: run13.scores.dat and run13.features.dat
loading feature data from run13.features.dat
loading score data from run13.scores.dat
Loading Data from: run14.scores.dat and run14.features.dat
loading feature data from run14.features.dat
loading score data from run14.scores.dat
Loading Data from: run15.scores.dat and run15.features.dat
loading feature data from run15.features.dat
loading score data from run15.scores.dat
Loading Data from: run16.scores.dat and run16.features.dat
loading feature data from run16.features.dat
loading score data from run16.scores.dat
Loading Data from: run17.scores.dat and run17.features.dat
loading feature data from run17.features.dat
loading score data from run17.scores.dat
Loading Data from: run18.scores.dat and run18.features.dat
loading feature data from run18.features.dat
loading score data from run18.scores.dat
Loading Data from: run19.scores.dat and run19.features.dat
loading feature data from run19.features.dat
loading score data from run19.scores.dat
Data loaded : [Wall 5.3852 CPU 5.38415] seconds.
Creating a pool of 1 threads
Best point: 0.0685918 0.0771452 0.050912 0.158086 -0.0322601 0.0568668 0.0611509 0.105522 -0.102026 0.136854 0.0274434 0.0611151 0.0529753 0.00905142  => 0.10506
Stopping... : [Wall 245.545 CPU 245.515] seconds.
