shard_size = 0 shard_count = 0
Seeding random numbers with system clock 
name: case value: true
Data::m_score_type BLEU
Data::Scorer type from Scorer: BLEU
Loading Data from: run1.scores.dat and run1.features.dat
loading feature data from run1.features.dat
loading score data from run1.scores.dat
Loading Data from: run2.scores.dat and run2.features.dat
loading feature data from run2.features.dat
loading score data from run2.scores.dat
Loading Data from: run3.scores.dat and run3.features.dat
loading feature data from run3.features.dat
loading score data from run3.scores.dat
Loading Data from: run4.scores.dat and run4.features.dat
loading feature data from run4.features.dat
loading score data from run4.scores.dat
Loading Data from: run5.scores.dat and run5.features.dat
loading feature data from run5.features.dat
loading score data from run5.scores.dat
Loading Data from: run6.scores.dat and run6.features.dat
loading feature data from run6.features.dat
loading score data from run6.scores.dat
Loading Data from: run7.scores.dat and run7.features.dat
loading feature data from run7.features.dat
loading score data from run7.scores.dat
Loading Data from: run8.scores.dat and run8.features.dat
loading feature data from run8.features.dat
loading score data from run8.scores.dat
Loading Data from: run9.scores.dat and run9.features.dat
loading feature data from run9.features.dat
loading score data from run9.scores.dat
Loading Data from: run10.scores.dat and run10.features.dat
loading feature data from run10.features.dat
loading score data from run10.scores.dat
Loading Data from: run11.scores.dat and run11.features.dat
loading feature data from run11.features.dat
loading score data from run11.scores.dat
Data loaded : [Wall 3.10175 CPU 3.10131] seconds.
Creating a pool of 1 threads
Best point: 0.108577 0.0497964 0.0502941 0.0767067 0.0115456 0.0929686 0.0390079 0.0931848 -0.196311 0.110724 0.00866046 0.0547893 0.0655363 0.0418979  => 0.104395
Stopping... : [Wall 197.159 CPU 197.013] seconds.
