shard_size = 0 shard_count = 0
Seeding random numbers with system clock 
name: case value: true
Data::m_score_type BLEU
Data::Scorer type from Scorer: BLEU
Loading Data from: run1.scores.dat and run1.features.dat
loading feature data from run1.features.dat
loading score data from run1.scores.dat
Loading Data from: run2.scores.dat and run2.features.dat
loading feature data from run2.features.dat
loading score data from run2.scores.dat
Loading Data from: run3.scores.dat and run3.features.dat
loading feature data from run3.features.dat
loading score data from run3.scores.dat
Loading Data from: run4.scores.dat and run4.features.dat
loading feature data from run4.features.dat
loading score data from run4.scores.dat
Data loaded : [Wall 1.06495 CPU 1.0649] seconds.
Creating a pool of 1 threads
Best point: 0.104394 0.108065 0.0813484 0.05032 -0.0606405 0.03749 0.0587634 0.125403 -0.047196 0.13343 0.035906 0.113601 0.040623 0.0028205  => 0.103943
Stopping... : [Wall 96.1333 CPU 96.122] seconds.
