shard_size = 0 shard_count = 0
Seeding random numbers with system clock 
name: case value: true
Data::m_score_type BLEU
Data::Scorer type from Scorer: BLEU
Loading Data from: run1.scores.dat and run1.features.dat
loading feature data from run1.features.dat
loading score data from run1.scores.dat
Loading Data from: run2.scores.dat and run2.features.dat
loading feature data from run2.features.dat
loading score data from run2.scores.dat
Loading Data from: run3.scores.dat and run3.features.dat
loading feature data from run3.features.dat
loading score data from run3.scores.dat
Loading Data from: run4.scores.dat and run4.features.dat
loading feature data from run4.features.dat
loading score data from run4.scores.dat
Loading Data from: run5.scores.dat and run5.features.dat
loading feature data from run5.features.dat
loading score data from run5.scores.dat
Data loaded : [Wall 1.35257 CPU 1.35247] seconds.
Creating a pool of 1 threads
Best point: 0.0789104 -0.0499427 0.159975 -0.0218092 0.142101 0.0271339 0.00477675 0.105229 -0.175729 0.0438313 0.0086298 0.0817678 0.0693621 0.0308022  => 0.104596
Stopping... : [Wall 123.484 CPU 123.457] seconds.
